<?xml version="1.0" encoding="UTF-8"?>
<!-- Generated by org.testng.reporters.JUnitReportReporter -->
<testsuite hostname="Rehansgamingdevice" failures="0" tests="1" name="com.api.tests.LoginTest" time="1.204" errors="0" timestamp="2025-05-02T15:31:30 IST" skipped="0">
  <testcase classname="com.api.tests.LoginTest" name="loginTest" time="1.204"/>
</testsuite> <!-- com.api.tests.LoginTest -->
