<?xml version="1.0" encoding="UTF-8"?>
<!-- Generated by org.testng.reporters.JUnitReportReporter -->
<testsuite hostname="Rehansgamingdevice" failures="0" tests="2" name="com.api.tests.categories" time="4.009" errors="0" timestamp="2025-05-05T16:36:36 IST" skipped="0">
  <testcase classname="com.api.tests.categories" name="getAllCategories" time="2.848"/>
  <testcase classname="com.api.tests.categories" name="getProductBycategoriesId" time="1.161"/>
</testsuite> <!-- com.api.tests.categories -->
