<?xml version="1.0" encoding="UTF-8"?>
<!-- Generated by org.testng.reporters.JUnitReportReporter -->
<testsuite hostname="Rehansgamingdevice" failures="0" tests="3" name="com.api.tests.LoginTest" time="3.775" errors="0" timestamp="2025-05-05T12:15:24 IST" skipped="0">
  <testcase classname="com.api.tests.LoginTest" name="loginTest" time="2.123"/>
  <testcase classname="com.api.tests.LoginTest" name="getAllOrder" time="1.016"/>
  <testcase classname="com.api.tests.LoginTest" name="fetchUser" time="0.636"/>
</testsuite> <!-- com.api.tests.LoginTest -->
